d:\kpo\vrh_project\vrh-2023\debug\vc143.pdb
d:\kpo\vrh_project\vrh-2023\debug\vc143.idb
d:\kpo\vrh_project\vrh-2023\debug\stdafx.obj
d:\kpo\vrh_project\vrh-2023\debug\it.obj
d:\kpo\vrh_project\vrh-2023\debug\in.obj
d:\kpo\vrh_project\vrh-2023\debug\log.obj
d:\kpo\vrh_project\vrh-2023\debug\vrh-2023.obj
d:\kpo\vrh_project\vrh-2023\debug\semanaliz.obj
d:\kpo\vrh_project\vrh-2023\debug\parm.obj
d:\kpo\vrh_project\vrh-2023\debug\mfst.obj
d:\kpo\vrh_project\vrh-2023\debug\lexanaliz.obj
d:\kpo\vrh_project\vrh-2023\debug\lt.obj
d:\kpo\vrh_project\vrh-2023\debug\greibach.obj
d:\kpo\vrh_project\vrh-2023\debug\fst.obj
d:\kpo\vrh_project\vrh-2023\debug\error.obj
d:\kpo\vrh_project\vrh-2023\debug\div.obj
d:\kpo\vrh_project\vrh-2023\debug\codegeneration.obj
d:\kpo\vrh_project\vrh-2023\debug\vrh-2023.ilk
d:\kpo\vrh_project\debug\vrh-2023.pdb
d:\kpo\vrh_project\debug\vrh-2023.exe
d:\kpo\vrh_project\vrh-2023\debug\vrh-2023.tlog\cl.command.1.tlog
d:\kpo\vrh_project\vrh-2023\debug\vrh-2023.tlog\cl.items.tlog
d:\kpo\vrh_project\vrh-2023\debug\vrh-2023.tlog\cl.read.1.tlog
d:\kpo\vrh_project\vrh-2023\debug\vrh-2023.tlog\cl.write.1.tlog
d:\kpo\vrh_project\vrh-2023\debug\vrh-2023.tlog\link.command.1.tlog
d:\kpo\vrh_project\vrh-2023\debug\vrh-2023.tlog\link.read.1.tlog
d:\kpo\vrh_project\vrh-2023\debug\vrh-2023.tlog\link.write.1.tlog
